Arguments: 
  /usr/local/bin/node /Users/trihuynh/.npm-global/bin/yarn add -s knockout lodash

PATH: 
  /usr/local/php5/bin:/usr/local/bin:/usr/bin:/bin:/usr/sbin:/sbin:/Applications/VMware Fusion.app/Contents/Public:/Users/trihuynh/.composer/vendor/bin:/Users/trihuynh/.npm-global/bin:/Users/trihuynh/:/usr/local/php5/bin/

Yarn version: 
  1.9.4

Node version: 
  8.11.1

Platform: 
  darwin x64

Trace: 
  SyntaxError: Invalid value type 1:17 in /Users/trihuynh/WEB/HALO/backend/assets/.yarnrc
      at Parser.unexpected (/Users/trihuynh/.npm-global/lib/node_modules/yarn/lib/cli.js:61367:11)
      at Parser.parse (/Users/trihuynh/.npm-global/lib/node_modules/yarn/lib/cli.js:61495:16)
      at parse (/Users/trihuynh/.npm-global/lib/node_modules/yarn/lib/cli.js:61569:17)
      at module.exports.exports.default (/Users/trihuynh/.npm-global/lib/node_modules/yarn/lib/cli.js:61133:96)
      at YarnRegistry.<anonymous> (/Users/trihuynh/.npm-global/lib/node_modules/yarn/lib/cli.js:87566:64)
      at Generator.next (<anonymous>)
      at step (/Users/trihuynh/.npm-global/lib/node_modules/yarn/lib/cli.js:92:30)
      at /Users/trihuynh/.npm-global/lib/node_modules/yarn/lib/cli.js:103:13
      at <anonymous>

npm manifest: 
  {
    "dependencies": {
      "bootstrap": "^4.1.3",
      "jquery": "^3.3.1",
      "knockout": "^3.4.2",
      "lodash": "^4.17.10",
      "popper.js": "^1.14.4"
    }
  }

yarn manifest: 
  No manifest

Lockfile: 
  # THIS IS AN AUTOGENERATED FILE. DO NOT EDIT THIS FILE DIRECTLY.
  # yarn lockfile v1
  
  
  bootstrap@^4.1.3:
    version "4.1.3"
    resolved "https://registry.yarnpkg.com/bootstrap/-/bootstrap-4.1.3.tgz#0eb371af2c8448e8c210411d0cb824a6409a12be"
  
  jquery@^3.3.1:
    version "3.3.1"
    resolved "https://registry.yarnpkg.com/jquery/-/jquery-3.3.1.tgz#958ce29e81c9790f31be7792df5d4d95fc57fbca"
  
  knockout@^3.4.2:
    version "3.4.2"
    resolved "https://registry.yarnpkg.com/knockout/-/knockout-3.4.2.tgz#e87958de77ad1e936f7ce645bab8b5d7c456d937"
  
  lodash@^4.17.10:
    version "4.17.10"
    resolved "https://registry.yarnpkg.com/lodash/-/lodash-4.17.10.tgz#1b7793cf7259ea38fb3661d4d38b3260af8ae4e7"
  
  popper.js@^1.14.4:
    version "1.14.4"
    resolved "https://registry.yarnpkg.com/popper.js/-/popper.js-1.14.4.tgz#8eec1d8ff02a5a3a152dd43414a15c7b79fd69b6"
